<?xml version="1.0" encoding="UTF-8"?>
<!-- Generated by org.testng.reporters.JUnitReportReporter -->
<testsuite hostname="ZCBLRLP0293" failures="0" tests="10" name="zapcg.Capillary.MemberDetailsTestCases.memberDetails_TestCases" time="84.426" errors="0" timestamp="2024-07-06T15:31:44 IST" skipped="0">
  <testcase classname="zapcg.Capillary.MemberDetailsTestCases.memberDetails_TestCases" name="verifyMemberDetailsNavigationFromMeberLookupScreen" time="8.231"/>
  <testcase classname="zapcg.Capillary.MemberDetailsTestCases.memberDetails_TestCases" name="verifyMemberDetailsDisplaying" time="8.326"/>
  <testcase classname="zapcg.Capillary.MemberDetailsTestCases.memberDetails_TestCases" name="verifyMemberDetailsContentDisplaying" time="7.592"/>
  <testcase classname="zapcg.Capillary.MemberDetailsTestCases.memberDetails_TestCases" name="verifyEnabledOfEnterReceiptDetailsButton" time="8.094"/>
  <testcase classname="zapcg.Capillary.MemberDetailsTestCases.memberDetails_TestCases" name="verifyHeaderOfTheMemberDetailsScreen" time="7.831"/>
  <testcase classname="zapcg.Capillary.MemberDetailsTestCases.memberDetails_TestCases" name="verifyExpiryDateEqualToSystemDateThenNoRedeem" time="7.870"/>
  <testcase classname="zapcg.Capillary.MemberDetailsTestCases.memberDetails_TestCases" name="verifyHamBurgerMemberLookupOption" time="8.640"/>
  <testcase classname="zapcg.Capillary.MemberDetailsTestCases.memberDetails_TestCases" name="verifyHamBurgerLocationOption" time="9.358"/>
  <testcase classname="zapcg.Capillary.MemberDetailsTestCases.memberDetails_TestCases" name="verifyHamBurgerLogoutOption" time="9.288"/>
  <testcase classname="zapcg.Capillary.MemberDetailsTestCases.memberDetails_TestCases" name="verifyBackButton" time="9.196"/>
</testsuite> <!-- zapcg.Capillary.MemberDetailsTestCases.memberDetails_TestCases -->
