<?xml version="1.0" encoding="UTF-8"?>
<!-- Generated by org.testng.reporters.JUnitReportReporter -->
<testsuite hostname="ZCBLRLP0293" failures="0" tests="5" name="zapcg.Capillary.MemberLookupTestCases.memberLookup_Invalid_TestCases" time="45.024" errors="0" timestamp="2024-07-04T17:01:59 IST" skipped="0">
  <testcase classname="zapcg.Capillary.MemberLookupTestCases.memberLookup_Invalid_TestCases" name="verifyInvalidMemberID" time="10.447"/>
  <testcase classname="zapcg.Capillary.MemberLookupTestCases.memberLookup_Invalid_TestCases" name="verifyMemberIdFieldMaxLength" time="9.592"/>
  <testcase classname="zapcg.Capillary.MemberLookupTestCases.memberLookup_Invalid_TestCases" name="verifyInvalidCardNumberMinLength" time="9.027"/>
  <testcase classname="zapcg.Capillary.MemberLookupTestCases.memberLookup_Invalid_TestCases" name="verifyCardNumberFieldMaxLength" time="8.284"/>
  <testcase classname="zapcg.Capillary.MemberLookupTestCases.memberLookup_Invalid_TestCases" name="verifyForEmptyCardNumberButtonIsDisabled" time="7.674"/>
</testsuite> <!-- zapcg.Capillary.MemberLookupTestCases.memberLookup_Invalid_TestCases -->
