<?xml version="1.0" encoding="UTF-8"?>
<!-- Generated by org.testng.reporters.JUnitReportReporter -->
<testsuite hostname="ZCBLRLP0293" failures="1" tests="1" name="zapcg.Capillary.MemberDetailsTestCases.memberDetails_TestCases" time="28.443" errors="0" timestamp="2024-06-28T15:25:45 IST" skipped="0">
  <testcase classname="zapcg.Capillary.MemberDetailsTestCases.memberDetails_TestCases" name="verifyLanguageChangeFromEnglishToJapanese" time="28.443">
    <failure message="An error occurred while changing the language: Expected condition failed: waiting for visibility of element located by By.xpath: //h3[//text()[normalize-space() = &#039;有効ポイント&#039;]] (tried for 10 second(s) with 500 milliseconds interval)
Build info: version: &#039;4.21.0&#039;, revision: &#039;79ed462ef4&#039;
System info: os.name: &#039;Windows 10&#039;, os.arch: &#039;amd64&#039;, os.version: &#039;10.0&#039;, java.version: &#039;15.0.2&#039;
Driver info: org.openqa.selenium.chrome.ChromeDriver
Capabilities {acceptInsecureCerts: false, browserName: chrome, browserVersion: 126.0.6478.57, chrome: {chromedriverVersion: 126.0.6478.126 (d36ace6122e..., userDataDir: C:\Users\KAJALS~1\AppData\L...}, fedcm:accounts: true, goog:chromeOptions: {debuggerAddress: localhost:64443}, networkConnectionEnabled: false, pageLoadStrategy: normal, platformName: windows, proxy: Proxy(), se:cdp: ws://localhost:64443/devtoo..., se:cdpVersion: 126.0.6478.57, setWindowRect: true, strictFileInteractability: false, timeouts: {implicit: 0, pageLoad: 300000, script: 30000}, unhandledPromptBehavior: dismiss and notify, webauthn:extension:credBlob: true, webauthn:extension:largeBlob: true, webauthn:extension:minPinLength: true, webauthn:extension:prf: true, webauthn:virtualAuthenticators: true}
Session ID: 526e24057887100f83ff8eea3ec342f3" type="java.lang.AssertionError">
      <![CDATA[java.lang.AssertionError: An error occurred while changing the language: Expected condition failed: waiting for visibility of element located by By.xpath: //h3[//text()[normalize-space() = '有効ポイント']] (tried for 10 second(s) with 500 milliseconds interval)
Build info: version: '4.21.0', revision: '79ed462ef4'
System info: os.name: 'Windows 10', os.arch: 'amd64', os.version: '10.0', java.version: '15.0.2'
Driver info: org.openqa.selenium.chrome.ChromeDriver
Capabilities {acceptInsecureCerts: false, browserName: chrome, browserVersion: 126.0.6478.57, chrome: {chromedriverVersion: 126.0.6478.126 (d36ace6122e..., userDataDir: C:\Users\KAJALS~1\AppData\L...}, fedcm:accounts: true, goog:chromeOptions: {debuggerAddress: localhost:64443}, networkConnectionEnabled: false, pageLoadStrategy: normal, platformName: windows, proxy: Proxy(), se:cdp: ws://localhost:64443/devtoo..., se:cdpVersion: 126.0.6478.57, setWindowRect: true, strictFileInteractability: false, timeouts: {implicit: 0, pageLoad: 300000, script: 30000}, unhandledPromptBehavior: dismiss and notify, webauthn:extension:credBlob: true, webauthn:extension:largeBlob: true, webauthn:extension:minPinLength: true, webauthn:extension:prf: true, webauthn:virtualAuthenticators: true}
Session ID: 526e24057887100f83ff8eea3ec342f3
at org.testng.Assert.fail(Assert.java:111)
at zapcg.Capillary.PageObject.memberDetailsPage.verifyJapaneseLanguageChangedFromEnglish(memberDetailsPage.java:426)
at zapcg.Capillary.MemberDetailsTestCases.memberDetails_TestCases.verifyLanguageChangeFromEnglishToJapanese(memberDetails_TestCases.java:136)
at java.base/jdk.internal.reflect.NativeMethodAccessorImpl.invoke0(Native Method)
at java.base/jdk.internal.reflect.NativeMethodAccessorImpl.invoke(NativeMethodAccessorImpl.java:64)
at java.base/jdk.internal.reflect.DelegatingMethodAccessorImpl.invoke(DelegatingMethodAccessorImpl.java:43)
at java.base/java.lang.reflect.Method.invoke(Method.java:564)
at org.testng.internal.invokers.MethodInvocationHelper.invokeMethod(MethodInvocationHelper.java:141)
at org.testng.internal.invokers.TestInvoker.invokeMethod(TestInvoker.java:686)
at org.testng.internal.invokers.TestInvoker.invokeTestMethod(TestInvoker.java:230)
at org.testng.internal.invokers.MethodRunner.runInSequence(MethodRunner.java:63)
at org.testng.internal.invokers.TestInvoker$MethodInvocationAgent.invoke(TestInvoker.java:992)
at org.testng.internal.invokers.TestInvoker.invokeTestMethods(TestInvoker.java:203)
at org.testng.internal.invokers.TestMethodWorker.invokeTestMethods(TestMethodWorker.java:154)
at org.testng.internal.invokers.TestMethodWorker.run(TestMethodWorker.java:134)
at java.base/java.util.ArrayList.forEach(ArrayList.java:1511)
at org.testng.TestRunner.privateRun(TestRunner.java:739)
at org.testng.TestRunner.run(TestRunner.java:614)
at org.testng.SuiteRunner.runTest(SuiteRunner.java:421)
at org.testng.SuiteRunner$SuiteWorker.run(SuiteRunner.java:463)
at org.testng.internal.thread.ThreadUtil.lambda$execute$0(ThreadUtil.java:64)
at java.base/java.util.concurrent.FutureTask.run(FutureTask.java:264)
at java.base/java.util.concurrent.ThreadPoolExecutor.runWorker(ThreadPoolExecutor.java:1130)
at java.base/java.util.concurrent.ThreadPoolExecutor$Worker.run(ThreadPoolExecutor.java:630)
at java.base/java.lang.Thread.run(Thread.java:832)
]]>
    </failure>
  </testcase> <!-- verifyLanguageChangeFromEnglishToJapanese -->
</testsuite> <!-- zapcg.Capillary.MemberDetailsTestCases.memberDetails_TestCases -->
