<?xml version="1.0" encoding="UTF-8"?>
<!-- Generated by org.testng.reporters.JUnitReportReporter -->
<testsuite hostname="ZCBLRLP0293" failures="0" tests="3" name="zapcg.Capillary.EarnPointPageTestCases.EarnPoint_Invalid_TestCases" time="30.288" errors="0" timestamp="2024-07-04T16:14:17 IST" skipped="0">
  <testcase classname="zapcg.Capillary.EarnPointPageTestCases.EarnPoint_Invalid_TestCases" name="verifyTransactionAmountShouldNotBeEmpty" time="8.773"/>
  <testcase classname="zapcg.Capillary.EarnPointPageTestCases.EarnPoint_Invalid_TestCases" name="emptyTxnAmountButGoToPassPointValue" time="8.489"/>
  <testcase classname="zapcg.Capillary.EarnPointPageTestCases.EarnPoint_Invalid_TestCases" name="goTOPassPointMoreThanTransactionAmount" time="13.026"/>
</testsuite> <!-- zapcg.Capillary.EarnPointPageTestCases.EarnPoint_Invalid_TestCases -->
