<?xml version="1.0" encoding="UTF-8"?>
<!-- Generated by org.testng.reporters.JUnitReportReporter -->
<testsuite hostname="ZCBLRLP0293" failures="0" tests="9" name="zapcg.Capillary.LoginTestCases.Login_Invalid_TestCases" time="40.186" errors="0" timestamp="2024-07-09T16:01:55 IST" skipped="0">
  <testcase classname="zapcg.Capillary.LoginTestCases.Login_Invalid_TestCases" name="test_Invalid_Username" time="5.300"/>
  <testcase classname="zapcg.Capillary.LoginTestCases.Login_Invalid_TestCases" name="test_Invalid_Password" time="5.499"/>
  <testcase classname="zapcg.Capillary.LoginTestCases.Login_Invalid_TestCases" name="test_TooLong_Username" time="4.605"/>
  <testcase classname="zapcg.Capillary.LoginTestCases.Login_Invalid_TestCases" name="test_MinLength_Password" time="3.815"/>
  <testcase classname="zapcg.Capillary.LoginTestCases.Login_Invalid_TestCases" name="test_Username_WithSpaces" time="3.676"/>
  <testcase classname="zapcg.Capillary.LoginTestCases.Login_Invalid_TestCases" name="verify_Enabled_LoginButton" time="6.410"/>
  <testcase classname="zapcg.Capillary.LoginTestCases.Login_Invalid_TestCases" name="verify_Disabled_LoginButton_EmptyUsername" time="3.609"/>
  <testcase classname="zapcg.Capillary.LoginTestCases.Login_Invalid_TestCases" name="verify_Disabled_LoginButton_EmptyPassword" time="3.650"/>
  <testcase classname="zapcg.Capillary.LoginTestCases.Login_Invalid_TestCases" name="verify_Disabled_LoginButton_EmptyUsernamePassword_TestCase10" time="3.622"/>
</testsuite> <!-- zapcg.Capillary.LoginTestCases.Login_Invalid_TestCases -->
