<?xml version="1.0" encoding="UTF-8"?>
<!-- Generated by org.testng.reporters.JUnitReportReporter -->
<testsuite hostname="ZCBLRLP0293" failures="0" tests="1" name="zapcg.Capillary.EarnPointPageTestCases.GoToPassPointMoreThanAvailablePoint" time="10.376" errors="0" timestamp="2024-07-04T16:53:12 IST" skipped="0">
  <testcase classname="zapcg.Capillary.EarnPointPageTestCases.GoToPassPointMoreThanAvailablePoint" name="testing" time="10.376"/>
</testsuite> <!-- zapcg.Capillary.EarnPointPageTestCases.GoToPassPointMoreThanAvailablePoint -->
